2025-02-19 16:46:53,470 - INFO - Logger initialized successfully.
2025-02-19 16:50:22,571 - INFO - Logger initialized successfully.
2025-02-19 16:51:03,187 - INFO - Logger initialized successfully.
2025-02-19 16:56:11,644 - INFO - Logger initialized successfully.
2025-02-19 16:56:57,563 - INFO - Successfully fetched data from https://api.openweathermap.org/data/3.0/onecall
2025-02-19 16:56:57,673 - INFO - Successfully fetched data from https://api.openweathermap.org/data/3.0/onecall
2025-02-19 16:56:57,766 - INFO - Successfully fetched data from https://api.openweathermap.org/data/3.0/onecall
2025-02-19 17:11:26,954 - INFO - Note: NumExpr detected 12 cores but "NUMEXPR_MAX_THREADS" not set, so enforcing safe limit of 8.
2025-02-19 17:11:26,955 - INFO - NumExpr defaulting to 8 threads.
2025-02-19 17:11:27,787 - INFO - Successfully loaded API_KEY
2025-02-19 17:11:27,789 - INFO - Successfully loaded 3 cities.
2025-02-19 17:11:27,899 - INFO - Retrieved coordinate for Denver,CO,USA: (39.7392, -104.9847)
2025-02-19 17:11:27,971 - INFO - Retrieved coordinate for Austin,TX,USA: (30.2711, -97.7437)
2025-02-19 17:11:28,030 - INFO - Retrieved coordinate for Stuttgart,DE: (48.7823, 9.177)
2025-02-19 17:11:28,037 - INFO - Successfully wrote city encodings to cities_config.json
2025-02-19 17:26:41,510 - INFO - Successfully loaded API key
2025-02-19 17:26:41,514 - CRITICAL - Pipeline extraction failed at extract.py: name 'lat' is not defined
2025-02-19 17:28:01,961 - INFO - Successfully loaded API key
2025-02-19 17:28:02,271 - INFO - Successfully fetched weather data for Denver,CO,USA
2025-02-19 17:28:02,277 - INFO - Successfully loaded API key
2025-02-19 17:28:02,396 - INFO - Successfully fetched weather data for Austin,TX,USA
2025-02-19 17:28:02,399 - INFO - Successfully loaded API key
2025-02-19 17:28:02,503 - INFO - Successfully fetched weather data for Stuttgart,DE
2025-02-19 17:28:02,513 - INFO - Weather data successfully saved to C:\Users\matth\OneDrive\Desktop\DataEngineering\WeatherETLPipeline\data\raw_weather_data.json
2025-02-19 17:28:02,522 - INFO - Weather data successfully saved to C:\Users\matth\OneDrive\Desktop\DataEngineering\WeatherETLPipeline\data\raw_compiled_data.json
2025-02-19 17:41:02,225 - INFO - Successfully loaded raw weather data from C:\Users\matth\OneDrive\Desktop\DataEngineering\WeatherETLPipeline\data\raw_weather_data.json
2025-02-19 17:41:02,390 - INFO - Successfully transformed weather data into DataFrame
2025-02-19 17:41:02,501 - INFO - Data successfully saved to C:\Users\matth\OneDrive\Desktop\DataEngineering\WeatherETLPipeline\data\clean_weather_data.csv
2025-02-19 18:06:33,399 - INFO - Successfully loaded clean data from C:\Users\matth\OneDrive\Desktop\DataEngineering\WeatherETLPipeline\data\clean_weather_data.csv
2025-02-19 18:06:33,525 - INFO - Connected to PostgreSQL database
2025-02-19 18:06:33,642 - INFO - Record has been inserted into the table
2025-02-19 18:06:33,644 - INFO - Record has been inserted into the table
2025-02-19 18:06:33,652 - INFO - alert has been inserted into the table
2025-02-19 18:06:33,655 - INFO - Record has been inserted into the table
2025-02-19 18:06:33,656 - INFO - alert has been inserted into the table
2025-02-19 18:06:33,658 - INFO - Record has been inserted into the table
2025-02-19 18:06:33,661 - INFO - Record has been inserted into the table
2025-02-19 18:06:33,662 - INFO - alert has been inserted into the table
2025-02-19 18:06:33,664 - INFO - Record has been inserted into the table
2025-02-19 18:06:33,665 - INFO - alert has been inserted into the table
2025-02-19 18:06:33,666 - INFO - Data successfully inserted into database
2025-02-19 18:06:33,666 - INFO - database connection closed
2025-02-19 18:06:33,668 - INFO - File C:\Users\matth\OneDrive\Desktop\DataEngineering\WeatherETLPipeline\data\clean_weather_data.csv deleted successfully
2025-02-19 18:06:33,670 - INFO - File C:\Users\matth\OneDrive\Desktop\DataEngineering\WeatherETLPipeline\data\raw_weather_data.json deleted successfully
2025-02-19 18:16:40,494 - INFO - Successfully loaded API_KEY
2025-02-19 18:16:40,499 - INFO - Successfully loaded 3 cities.
2025-02-19 18:16:40,845 - INFO - Retrieved coordinate for Denver,CO,USA: (39.7392, -104.9847)
2025-02-19 18:16:40,964 - INFO - Retrieved coordinate for Austin,TX,USA: (30.2711, -97.7437)
2025-02-19 18:16:41,014 - INFO - Retrieved coordinate for Stuttgart,DE: (48.7823, 9.177)
2025-02-19 18:16:41,046 - INFO - Successfully wrote city encodings to cities_config.json
2025-02-19 18:16:41,063 - INFO - Successfully loaded API key
2025-02-19 18:16:41,280 - INFO - Successfully fetched weather data for Denver,CO,USA
2025-02-19 18:16:41,281 - INFO - Successfully loaded API key
2025-02-19 18:16:41,388 - INFO - Successfully fetched weather data for Austin,TX,USA
2025-02-19 18:16:41,389 - INFO - Successfully loaded API key
2025-02-19 18:16:41,485 - INFO - Successfully fetched weather data for Stuttgart,DE
2025-02-19 18:16:41,489 - INFO - Weather data successfully saved to C:\Users\matth\OneDrive\Desktop\DataEngineering\WeatherETLPipeline\data\raw_weather_data.json
2025-02-19 18:16:41,499 - INFO - Weather data successfully saved to C:\Users\matth\OneDrive\Desktop\DataEngineering\WeatherETLPipeline\data\raw_compiled_data.json
2025-02-19 18:16:41,526 - INFO - Successfully loaded raw weather data from C:\Users\matth\OneDrive\Desktop\DataEngineering\WeatherETLPipeline\data\raw_weather_data.json
2025-02-19 18:16:41,755 - INFO - Successfully transformed weather data into DataFrame
2025-02-19 18:16:41,835 - INFO - Data successfully saved to C:\Users\matth\OneDrive\Desktop\DataEngineering\WeatherETLPipeline\data\clean_weather_data.csv
2025-02-19 18:16:41,866 - INFO - Successfully loaded clean data from C:\Users\matth\OneDrive\Desktop\DataEngineering\WeatherETLPipeline\data\clean_weather_data.csv
2025-02-19 18:16:41,971 - INFO - Connected to PostgreSQL database
2025-02-19 18:16:42,053 - INFO - Record has been inserted into the table
2025-02-19 18:16:42,057 - INFO - Record has been inserted into the table
2025-02-19 18:16:42,061 - INFO - alert has been inserted into the table
2025-02-19 18:16:42,063 - INFO - Record has been inserted into the table
2025-02-19 18:16:42,064 - INFO - alert has been inserted into the table
2025-02-19 18:16:42,066 - INFO - Data successfully inserted into database
2025-02-19 18:16:42,068 - INFO - database connection closed
2025-02-19 18:16:42,070 - INFO - File C:\Users\matth\OneDrive\Desktop\DataEngineering\WeatherETLPipeline\data\clean_weather_data.csv deleted successfully
2025-02-19 18:16:42,071 - INFO - File C:\Users\matth\OneDrive\Desktop\DataEngineering\WeatherETLPipeline\data\raw_weather_data.json deleted successfully
2025-02-19 18:16:42,072 - INFO - Starting the ETL process
2025-02-19 18:16:42,072 - INFO - Encoding cities
2025-02-19 18:16:42,073 - INFO - Successfully loaded API_KEY
2025-02-19 18:16:42,074 - INFO - Successfully loaded 3 cities.
2025-02-19 18:16:42,138 - INFO - Retrieved coordinate for Denver,CO,USA: (39.7392, -104.9847)
2025-02-19 18:16:42,188 - INFO - Retrieved coordinate for Austin,TX,USA: (30.2711, -97.7437)
2025-02-19 18:16:42,240 - INFO - Retrieved coordinate for Stuttgart,DE: (48.7823, 9.177)
2025-02-19 18:16:42,242 - INFO - Successfully wrote city encodings to cities_config.json
2025-02-19 18:16:42,242 - INFO - Encoding complete
2025-02-19 18:16:42,243 - INFO - Extracting data
2025-02-19 18:16:42,245 - INFO - Successfully loaded API key
2025-02-19 18:16:42,325 - INFO - Successfully fetched weather data for Denver,CO,USA
2025-02-19 18:16:42,329 - INFO - Successfully loaded API key
2025-02-19 18:16:42,403 - INFO - Successfully fetched weather data for Austin,TX,USA
2025-02-19 18:16:42,404 - INFO - Successfully loaded API key
2025-02-19 18:16:42,484 - INFO - Successfully fetched weather data for Stuttgart,DE
2025-02-19 18:16:42,486 - INFO - Weather data successfully saved to C:\Users\matth\OneDrive\Desktop\DataEngineering\WeatherETLPipeline\data\raw_weather_data.json
2025-02-19 18:16:42,486 - INFO - Data extraction complete
2025-02-19 18:16:42,486 - INFO - Transforming Data
2025-02-19 18:16:42,488 - INFO - Successfully loaded raw weather data from C:\Users\matth\OneDrive\Desktop\DataEngineering\WeatherETLPipeline\data\raw_weather_data.json
2025-02-19 18:16:42,490 - INFO - Successfully transformed weather data into DataFrame
2025-02-19 18:16:42,493 - INFO - Data successfully saved to C:\Users\matth\OneDrive\Desktop\DataEngineering\WeatherETLPipeline\data\clean_weather_data.csv
2025-02-19 18:16:42,493 - INFO - Data Transformation Complete
2025-02-19 18:16:42,493 - INFO - Loading Data
2025-02-19 18:16:42,498 - INFO - Successfully loaded clean data from C:\Users\matth\OneDrive\Desktop\DataEngineering\WeatherETLPipeline\data\clean_weather_data.csv
2025-02-19 18:16:42,594 - INFO - Connected to PostgreSQL database
2025-02-19 18:16:42,601 - INFO - Record has been inserted into the table
2025-02-19 18:16:42,607 - INFO - Record has been inserted into the table
2025-02-19 18:16:42,608 - INFO - alert has been inserted into the table
2025-02-19 18:16:42,611 - INFO - Record has been inserted into the table
2025-02-19 18:16:42,612 - INFO - alert has been inserted into the table
2025-02-19 18:16:42,614 - INFO - data inserted successfully
2025-02-19 18:16:42,614 - INFO - Database connection closed
2025-02-19 18:16:42,616 - INFO - File C:\Users\matth\OneDrive\Desktop\DataEngineering\WeatherETLPipeline\data\clean_weather_data.csv deleted successfully
2025-02-19 18:16:42,616 - INFO - File C:\Users\matth\OneDrive\Desktop\DataEngineering\WeatherETLPipeline\data\raw_weather_data.json deleted successfully
2025-02-19 18:16:42,616 - INFO - Loading Data Complete
2025-02-19 18:16:42,616 - INFO - ETL process completed successfully
2025-02-20 15:21:13,367 - INFO - Logger initialized successfully.
2025-02-20 15:21:13,654 - INFO - Successfully loaded API_KEY
2025-02-20 15:21:13,656 - INFO - Successfully loaded 3 cities.
2025-02-20 15:21:13,790 - INFO - Retrieved coordinate for Denver,CO,USA: (39.7392, -104.9847)
2025-02-20 15:21:13,857 - INFO - Retrieved coordinate for Austin,TX,USA: (30.2711, -97.7437)
2025-02-20 15:21:13,919 - INFO - Retrieved coordinate for Stuttgart,DE: (48.7823, 9.177)
2025-02-20 15:21:13,931 - INFO - Successfully wrote city encodings to cities_config.json
2025-02-20 15:21:13,945 - INFO - Successfully loaded API key
2025-02-20 15:21:14,109 - INFO - Successfully fetched weather data for Denver,CO,USA
2025-02-20 15:21:14,111 - INFO - Successfully loaded API key
2025-02-20 15:21:14,226 - INFO - Successfully fetched weather data for Austin,TX,USA
2025-02-20 15:21:14,229 - INFO - Successfully loaded API key
2025-02-20 15:21:14,341 - INFO - Successfully fetched weather data for Stuttgart,DE
2025-02-20 15:21:14,353 - INFO - Weather data successfully saved to C:\Users\matth\OneDrive\Desktop\DataEngineering\WeatherETLPipeline\data\raw_weather_data.json
2025-02-20 15:21:14,372 - INFO - Weather data successfully saved to C:\Users\matth\OneDrive\Desktop\DataEngineering\WeatherETLPipeline\data\raw_compiled_data.json
2025-02-20 15:21:14,384 - INFO - Successfully loaded raw weather data from C:\Users\matth\OneDrive\Desktop\DataEngineering\WeatherETLPipeline\data\raw_weather_data.json
2025-02-20 15:21:14,399 - INFO - Successfully transformed weather data into DataFrame
2025-02-20 15:21:14,424 - INFO - Data successfully saved to C:\Users\matth\OneDrive\Desktop\DataEngineering\WeatherETLPipeline\data\clean_weather_data.csv
2025-02-20 15:21:14,512 - INFO - Successfully loaded clean data from C:\Users\matth\OneDrive\Desktop\DataEngineering\WeatherETLPipeline\data\clean_weather_data.csv
2025-02-20 15:21:14,657 - INFO - Connected to PostgreSQL database
2025-02-20 15:21:14,751 - INFO - Record has been inserted into the table
2025-02-20 15:21:14,759 - INFO - alert has been inserted into the table
2025-02-20 15:21:14,761 - INFO - Record has been inserted into the table
2025-02-20 15:21:14,762 - INFO - alert has been inserted into the table
2025-02-20 15:21:14,766 - INFO - Record has been inserted into the table
2025-02-20 15:21:14,769 - INFO - Data successfully inserted into database
2025-02-20 15:21:14,769 - INFO - database connection closed
2025-02-20 15:21:14,770 - INFO - File C:\Users\matth\OneDrive\Desktop\DataEngineering\WeatherETLPipeline\data\clean_weather_data.csv deleted successfully
2025-02-20 15:21:14,770 - INFO - File C:\Users\matth\OneDrive\Desktop\DataEngineering\WeatherETLPipeline\data\raw_weather_data.json deleted successfully
2025-02-20 15:21:14,770 - INFO - Starting the ETL process
2025-02-20 15:21:14,772 - INFO - Encoding cities
2025-02-20 15:21:14,774 - INFO - Successfully loaded API_KEY
2025-02-20 15:21:14,776 - INFO - Successfully loaded 3 cities.
2025-02-20 15:21:14,829 - INFO - Retrieved coordinate for Denver,CO,USA: (39.7392, -104.9847)
2025-02-20 15:21:14,885 - INFO - Retrieved coordinate for Austin,TX,USA: (30.2711, -97.7437)
2025-02-20 15:21:14,950 - INFO - Retrieved coordinate for Stuttgart,DE: (48.7823, 9.177)
2025-02-20 15:21:14,955 - INFO - Successfully wrote city encodings to cities_config.json
2025-02-20 15:21:14,955 - INFO - Encoding complete
2025-02-20 15:21:14,955 - INFO - Extracting data
2025-02-20 15:21:14,959 - INFO - Successfully loaded API key
2025-02-20 15:21:15,062 - INFO - Successfully fetched weather data for Denver,CO,USA
2025-02-20 15:21:15,065 - INFO - Successfully loaded API key
2025-02-20 15:21:15,175 - INFO - Successfully fetched weather data for Austin,TX,USA
2025-02-20 15:21:15,176 - INFO - Successfully loaded API key
2025-02-20 15:21:15,270 - INFO - Successfully fetched weather data for Stuttgart,DE
2025-02-20 15:21:15,273 - INFO - Weather data successfully saved to C:\Users\matth\OneDrive\Desktop\DataEngineering\WeatherETLPipeline\data\raw_weather_data.json
2025-02-20 15:21:15,274 - INFO - Data extraction complete
2025-02-20 15:21:15,274 - INFO - Transforming Data
2025-02-20 15:21:15,275 - INFO - Successfully loaded raw weather data from C:\Users\matth\OneDrive\Desktop\DataEngineering\WeatherETLPipeline\data\raw_weather_data.json
2025-02-20 15:21:15,279 - INFO - Successfully transformed weather data into DataFrame
2025-02-20 15:21:15,284 - INFO - Data successfully saved to C:\Users\matth\OneDrive\Desktop\DataEngineering\WeatherETLPipeline\data\clean_weather_data.csv
2025-02-20 15:21:15,284 - INFO - Data Transformation Complete
2025-02-20 15:21:15,284 - INFO - Loading Data
2025-02-20 15:21:15,290 - INFO - Successfully loaded clean data from C:\Users\matth\OneDrive\Desktop\DataEngineering\WeatherETLPipeline\data\clean_weather_data.csv
2025-02-20 15:21:15,346 - INFO - Connected to PostgreSQL database
2025-02-20 15:21:15,350 - INFO - Record has been inserted into the table
2025-02-20 15:21:15,351 - INFO - alert has been inserted into the table
2025-02-20 15:21:15,353 - INFO - Record has been inserted into the table
2025-02-20 15:21:15,353 - INFO - alert has been inserted into the table
2025-02-20 15:21:15,357 - INFO - Record has been inserted into the table
2025-02-20 15:21:15,358 - INFO - data inserted successfully
2025-02-20 15:21:15,358 - INFO - Database connection closed
2025-02-20 15:21:15,359 - INFO - File C:\Users\matth\OneDrive\Desktop\DataEngineering\WeatherETLPipeline\data\clean_weather_data.csv deleted successfully
2025-02-20 15:21:15,361 - INFO - File C:\Users\matth\OneDrive\Desktop\DataEngineering\WeatherETLPipeline\data\raw_weather_data.json deleted successfully
2025-02-20 15:21:15,361 - INFO - Loading Data Complete
2025-02-20 15:21:15,361 - INFO - ETL process completed successfully
2025-02-20 15:44:42,784 - INFO - Logger initialized successfully.
2025-02-20 15:44:43,020 - INFO - Successfully loaded API_KEY
2025-02-20 15:44:43,023 - INFO - Successfully loaded 3 cities.
2025-02-20 15:44:43,197 - INFO - Retrieved coordinate for Denver,CO,USA: (39.7392, -104.9847)
2025-02-20 15:44:43,295 - INFO - Retrieved coordinate for Austin,TX,USA: (30.2711, -97.7437)
2025-02-20 15:44:43,361 - INFO - Retrieved coordinate for Stuttgart,DE: (48.7823, 9.177)
2025-02-20 15:44:43,376 - INFO - Successfully wrote city encodings to cities_config.json
2025-02-20 15:44:43,384 - INFO - Successfully loaded API key
2025-02-20 15:44:43,584 - INFO - Successfully fetched weather data for Denver,CO,USA
2025-02-20 15:44:43,586 - INFO - Successfully loaded API key
2025-02-20 15:44:43,714 - INFO - Successfully fetched weather data for Austin,TX,USA
2025-02-20 15:44:43,717 - INFO - Successfully loaded API key
2025-02-20 15:44:43,853 - INFO - Successfully fetched weather data for Stuttgart,DE
2025-02-20 15:44:43,858 - INFO - Weather data successfully saved to C:\Users\matth\OneDrive\Desktop\DataEngineering\WeatherETLPipeline\data\raw_weather_data.json
2025-02-20 15:44:43,878 - INFO - Weather data successfully saved to C:\Users\matth\OneDrive\Desktop\DataEngineering\WeatherETLPipeline\data\raw_compiled_data.json
2025-02-20 15:44:43,881 - INFO - Successfully loaded raw weather data from C:\Users\matth\OneDrive\Desktop\DataEngineering\WeatherETLPipeline\data\raw_weather_data.json
2025-02-20 15:44:43,894 - INFO - Successfully transformed weather data into DataFrame
2025-02-20 15:44:43,915 - INFO - Data successfully saved to C:\Users\matth\OneDrive\Desktop\DataEngineering\WeatherETLPipeline\data\clean_weather_data.csv
2025-02-20 15:44:43,978 - INFO - Successfully loaded clean data from C:\Users\matth\OneDrive\Desktop\DataEngineering\WeatherETLPipeline\data\clean_weather_data.csv
2025-02-20 15:44:44,086 - INFO - Connected to PostgreSQL database
2025-02-20 15:44:44,158 - INFO - Record has been inserted into the table
2025-02-20 15:44:44,162 - INFO - alert has been inserted into the table
2025-02-20 15:44:44,164 - INFO - Record has been inserted into the table
2025-02-20 15:44:44,165 - INFO - alert has been inserted into the table
2025-02-20 15:44:44,167 - INFO - Record has been inserted into the table
2025-02-20 15:44:44,170 - INFO - Data successfully inserted into database
2025-02-20 15:44:44,170 - INFO - database connection closed
2025-02-20 15:44:44,171 - INFO - File C:\Users\matth\OneDrive\Desktop\DataEngineering\WeatherETLPipeline\data\clean_weather_data.csv deleted successfully
2025-02-20 15:44:44,171 - INFO - File C:\Users\matth\OneDrive\Desktop\DataEngineering\WeatherETLPipeline\data\raw_weather_data.json deleted successfully
2025-02-20 15:44:44,172 - INFO - Starting the ETL process
2025-02-20 15:44:44,174 - INFO - Encoding cities
2025-02-20 15:44:44,176 - INFO - Successfully loaded API_KEY
2025-02-20 15:44:44,179 - INFO - Successfully loaded 3 cities.
2025-02-20 15:44:44,238 - INFO - Retrieved coordinate for Denver,CO,USA: (39.7392, -104.9847)
2025-02-20 15:44:44,298 - INFO - Retrieved coordinate for Austin,TX,USA: (30.2711, -97.7437)
2025-02-20 15:44:44,353 - INFO - Retrieved coordinate for Stuttgart,DE: (48.7823, 9.177)
2025-02-20 15:44:44,357 - INFO - Successfully wrote city encodings to cities_config.json
2025-02-20 15:44:44,357 - INFO - Encoding complete
2025-02-20 15:44:44,357 - INFO - Extracting data
2025-02-20 15:44:44,361 - INFO - Successfully loaded API key
2025-02-20 15:44:44,460 - INFO - Successfully fetched weather data for Denver,CO,USA
2025-02-20 15:44:44,463 - INFO - Successfully loaded API key
2025-02-20 15:44:44,581 - INFO - Successfully fetched weather data for Austin,TX,USA
2025-02-20 15:44:44,584 - INFO - Successfully loaded API key
2025-02-20 15:44:44,682 - INFO - Successfully fetched weather data for Stuttgart,DE
2025-02-20 15:44:44,686 - INFO - Weather data successfully saved to C:\Users\matth\OneDrive\Desktop\DataEngineering\WeatherETLPipeline\data\raw_weather_data.json
2025-02-20 15:44:44,686 - INFO - Data extraction complete
2025-02-20 15:44:44,686 - INFO - Transforming Data
2025-02-20 15:44:44,686 - INFO - Successfully loaded raw weather data from C:\Users\matth\OneDrive\Desktop\DataEngineering\WeatherETLPipeline\data\raw_weather_data.json
2025-02-20 15:44:44,689 - INFO - Successfully transformed weather data into DataFrame
2025-02-20 15:44:44,692 - INFO - Data successfully saved to C:\Users\matth\OneDrive\Desktop\DataEngineering\WeatherETLPipeline\data\clean_weather_data.csv
2025-02-20 15:44:44,692 - INFO - Data Transformation Complete
2025-02-20 15:44:44,692 - INFO - Loading Data
2025-02-20 15:44:44,696 - INFO - Successfully loaded clean data from C:\Users\matth\OneDrive\Desktop\DataEngineering\WeatherETLPipeline\data\clean_weather_data.csv
2025-02-20 15:44:44,780 - INFO - Connected to PostgreSQL database
2025-02-20 15:44:44,790 - INFO - Record has been inserted into the table
2025-02-20 15:44:44,794 - INFO - alert has been inserted into the table
2025-02-20 15:44:44,798 - INFO - Record has been inserted into the table
2025-02-20 15:44:44,800 - INFO - alert has been inserted into the table
2025-02-20 15:44:44,804 - INFO - Record has been inserted into the table
2025-02-20 15:44:44,805 - INFO - data inserted successfully
2025-02-20 15:44:44,806 - INFO - Database connection closed
2025-02-20 15:44:44,807 - INFO - File C:\Users\matth\OneDrive\Desktop\DataEngineering\WeatherETLPipeline\data\clean_weather_data.csv deleted successfully
2025-02-20 15:44:44,809 - INFO - File C:\Users\matth\OneDrive\Desktop\DataEngineering\WeatherETLPipeline\data\raw_weather_data.json deleted successfully
2025-02-20 15:44:44,811 - INFO - Loading Data Complete
2025-02-20 15:44:44,811 - INFO - ETL process completed successfully
